Determining if the pthread_create exist failed with the following output:
Change Dir: /home/user_en/catkin_ws/build/CMakeFiles/CMakeTmp

Run Build Command:"/usr/bin/make" "cmTC_e1dde/fast"
/usr/bin/make -f CMakeFiles/cmTC_e1dde.dir/build.make CMakeFiles/cmTC_e1dde.dir/build
make[1]: Entering directory '/home/user_en/catkin_ws/build/CMakeFiles/CMakeTmp'
Building C object CMakeFiles/cmTC_e1dde.dir/CheckSymbolExists.c.o
/usr/bin/cc    -o CMakeFiles/cmTC_e1dde.dir/CheckSymbolExists.c.o   -c /home/user_en/catkin_ws/build/CMakeFiles/CMakeTmp/CheckSymbolExists.c
Linking C executable cmTC_e1dde
/usr/bin/cmake -E cmake_link_script CMakeFiles/cmTC_e1dde.dir/link.txt --verbose=1
/usr/bin/cc      -rdynamic CMakeFiles/cmTC_e1dde.dir/CheckSymbolExists.c.o  -o cmTC_e1dde 
CMakeFiles/cmTC_e1dde.dir/CheckSymbolExists.c.o: In function `main':
CheckSymbolExists.c:(.text+0x1b): undefined reference to `pthread_create'
collect2: error: ld returned 1 exit status
CMakeFiles/cmTC_e1dde.dir/build.make:97: recipe for target 'cmTC_e1dde' failed
make[1]: *** [cmTC_e1dde] Error 1
make[1]: Leaving directory '/home/user_en/catkin_ws/build/CMakeFiles/CMakeTmp'
Makefile:126: recipe for target 'cmTC_e1dde/fast' failed
make: *** [cmTC_e1dde/fast] Error 2

File /home/user_en/catkin_ws/build/CMakeFiles/CMakeTmp/CheckSymbolExists.c:
/* */
#include <pthread.h>

int main(int argc, char** argv)
{
  (void)argv;
#ifndef pthread_create
  return ((int*)(&pthread_create))[argc];
#else
  (void)argc;
  return 0;
#endif
}

Determining if the function pthread_create exists in the pthreads failed with the following output:
Change Dir: /home/user_en/catkin_ws/build/CMakeFiles/CMakeTmp

Run Build Command:"/usr/bin/make" "cmTC_c9ab0/fast"
/usr/bin/make -f CMakeFiles/cmTC_c9ab0.dir/build.make CMakeFiles/cmTC_c9ab0.dir/build
make[1]: Entering directory '/home/user_en/catkin_ws/build/CMakeFiles/CMakeTmp'
Building C object CMakeFiles/cmTC_c9ab0.dir/CheckFunctionExists.c.o
/usr/bin/cc   -DCHECK_FUNCTION_EXISTS=pthread_create   -o CMakeFiles/cmTC_c9ab0.dir/CheckFunctionExists.c.o   -c /usr/share/cmake-3.10/Modules/CheckFunctionExists.c
Linking C executable cmTC_c9ab0
/usr/bin/cmake -E cmake_link_script CMakeFiles/cmTC_c9ab0.dir/link.txt --verbose=1
/usr/bin/cc  -DCHECK_FUNCTION_EXISTS=pthread_create    -rdynamic CMakeFiles/cmTC_c9ab0.dir/CheckFunctionExists.c.o  -o cmTC_c9ab0 -lpthreads 
/usr/bin/ld: cannot find -lpthreads
collect2: error: ld returned 1 exit status
CMakeFiles/cmTC_c9ab0.dir/build.make:97: recipe for target 'cmTC_c9ab0' failed
make[1]: *** [cmTC_c9ab0] Error 1
make[1]: Leaving directory '/home/user_en/catkin_ws/build/CMakeFiles/CMakeTmp'
Makefile:126: recipe for target 'cmTC_c9ab0/fast' failed
make: *** [cmTC_c9ab0/fast] Error 2


